2023-05-11 11:59:19.838  INFO 23340 --- [http-nio-800-exec-1] o.a.c.c.C.[Tomcat].[localhost].[/]       : Initializing Spring DispatcherServlet 'dispatcherServlet'
2023-05-11 11:59:19.842  INFO 23340 --- [http-nio-800-exec-1] o.s.web.servlet.DispatcherServlet        : Initializing Servlet 'dispatcherServlet'
2023-05-11 11:59:19.843  INFO 23340 --- [http-nio-800-exec-1] o.s.web.servlet.DispatcherServlet        : Completed initialization in 1 ms
2023-05-11 11:59:19.870 ERROR 23340 --- [http-nio-800-exec-1] c.example.demo.controller.LogController  : error
2023-05-11 11:59:19.870  WARN 23340 --- [http-nio-800-exec-1] c.example.demo.controller.LogController  : warn
2023-05-11 11:59:19.870  INFO 23340 --- [http-nio-800-exec-1] c.example.demo.controller.LogController  : info
2023-05-11 11:59:19.872 DEBUG 23340 --- [http-nio-800-exec-1] c.example.demo.controller.LogController  : debug
2023-05-11 11:59:21.906 ERROR 23340 --- [http-nio-800-exec-2] c.example.demo.controller.LogController  : error
2023-05-11 11:59:21.906  WARN 23340 --- [http-nio-800-exec-2] c.example.demo.controller.LogController  : warn
2023-05-11 11:59:21.907  INFO 23340 --- [http-nio-800-exec-2] c.example.demo.controller.LogController  : info
2023-05-11 11:59:21.907 DEBUG 23340 --- [http-nio-800-exec-2] c.example.demo.controller.LogController  : debug
2023-05-11 11:59:22.562 ERROR 23340 --- [http-nio-800-exec-3] c.example.demo.controller.LogController  : error
2023-05-11 11:59:22.562  WARN 23340 --- [http-nio-800-exec-3] c.example.demo.controller.LogController  : warn
2023-05-11 11:59:22.563  INFO 23340 --- [http-nio-800-exec-3] c.example.demo.controller.LogController  : info
2023-05-11 11:59:22.563 DEBUG 23340 --- [http-nio-800-exec-3] c.example.demo.controller.LogController  : debug
2023-05-11 11:59:23.098 ERROR 23340 --- [http-nio-800-exec-4] c.example.demo.controller.LogController  : error
2023-05-11 11:59:23.099  WARN 23340 --- [http-nio-800-exec-4] c.example.demo.controller.LogController  : warn
2023-05-11 11:59:23.100  INFO 23340 --- [http-nio-800-exec-4] c.example.demo.controller.LogController  : info
2023-05-11 11:59:23.100 DEBUG 23340 --- [http-nio-800-exec-4] c.example.demo.controller.LogController  : debug
2023-05-11 11:59:23.448 ERROR 23340 --- [http-nio-800-exec-5] c.example.demo.controller.LogController  : error
2023-05-11 11:59:23.448  WARN 23340 --- [http-nio-800-exec-5] c.example.demo.controller.LogController  : warn
2023-05-11 11:59:23.449  INFO 23340 --- [http-nio-800-exec-5] c.example.demo.controller.LogController  : info
2023-05-11 11:59:23.449 DEBUG 23340 --- [http-nio-800-exec-5] c.example.demo.controller.LogController  : debug
2023-05-11 11:59:23.834 ERROR 23340 --- [http-nio-800-exec-6] c.example.demo.controller.LogController  : error
2023-05-11 11:59:23.834  WARN 23340 --- [http-nio-800-exec-6] c.example.demo.controller.LogController  : warn
2023-05-11 11:59:23.834  INFO 23340 --- [http-nio-800-exec-6] c.example.demo.controller.LogController  : info
2023-05-11 11:59:23.834 DEBUG 23340 --- [http-nio-800-exec-6] c.example.demo.controller.LogController  : debug
2023-05-11 11:59:24.242 ERROR 23340 --- [http-nio-800-exec-7] c.example.demo.controller.LogController  : error
2023-05-11 11:59:24.242  WARN 23340 --- [http-nio-800-exec-7] c.example.demo.controller.LogController  : warn
2023-05-11 11:59:24.243  INFO 23340 --- [http-nio-800-exec-7] c.example.demo.controller.LogController  : info
2023-05-11 11:59:24.243 DEBUG 23340 --- [http-nio-800-exec-7] c.example.demo.controller.LogController  : debug
2023-05-11 11:59:24.620 ERROR 23340 --- [http-nio-800-exec-8] c.example.demo.controller.LogController  : error
2023-05-11 11:59:24.621  WARN 23340 --- [http-nio-800-exec-8] c.example.demo.controller.LogController  : warn
2023-05-11 11:59:24.621  INFO 23340 --- [http-nio-800-exec-8] c.example.demo.controller.LogController  : info
2023-05-11 11:59:24.621 DEBUG 23340 --- [http-nio-800-exec-8] c.example.demo.controller.LogController  : debug
