2023-05-13 16:14:45.989  INFO 8256 --- [http-nio-800-exec-3] c.example.demo.controller.LogController  : info
2023-05-13 16:14:45.993 DEBUG 8256 --- [http-nio-800-exec-3] c.example.demo.controller.LogController  : debug
2023-05-13 16:14:46.162 ERROR 8256 --- [http-nio-800-exec-10] c.example.demo.controller.LogController  : error
2023-05-13 16:14:46.162  WARN 8256 --- [http-nio-800-exec-10] c.example.demo.controller.LogController  : warn
2023-05-13 16:14:46.162  INFO 8256 --- [http-nio-800-exec-10] c.example.demo.controller.LogController  : info
2023-05-13 16:14:46.162 DEBUG 8256 --- [http-nio-800-exec-10] c.example.demo.controller.LogController  : debug
2023-05-13 16:14:46.310 ERROR 8256 --- [http-nio-800-exec-2] c.example.demo.controller.LogController  : error
2023-05-13 16:14:46.318  WARN 8256 --- [http-nio-800-exec-2] c.example.demo.controller.LogController  : warn
2023-05-13 16:14:46.318  INFO 8256 --- [http-nio-800-exec-2] c.example.demo.controller.LogController  : info
2023-05-13 16:14:46.318 DEBUG 8256 --- [http-nio-800-exec-2] c.example.demo.controller.LogController  : debug
2023-05-13 16:15:09.685  INFO 9584 --- [restartedMain] com.example.demo.DemoApplication         : Starting DemoApplication using Java 18 on DESKTOP-OH6STF2 with PID 9584 (D:\daima\demo\demo\target\classes started by Lenovo in D:\daima\demo\leetcode)
2023-05-13 16:15:09.685  INFO 9584 --- [restartedMain] com.example.demo.DemoApplication         : The following 1 profile is active: "dev"
2023-05-13 16:15:09.726  INFO 9584 --- [restartedMain] .e.DevToolsPropertyDefaultsPostProcessor : Devtools property defaults active! Set 'spring.devtools.add-properties' to 'false' to disable
2023-05-13 16:15:09.726  INFO 9584 --- [restartedMain] .e.DevToolsPropertyDefaultsPostProcessor : For additional web related logging consider setting the 'logging.level.web' property to 'DEBUG'
2023-05-13 16:15:10.312  WARN 9584 --- [restartedMain] o.m.s.mapper.ClassPathMapperScanner      : No MyBatis mapper was found in '[com.example.demo]' package. Please check your configuration.
2023-05-13 16:15:10.690  INFO 9584 --- [restartedMain] o.s.b.w.embedded.tomcat.TomcatWebServer  : Tomcat initialized with port(s): 800 (http)
2023-05-13 16:15:10.698  INFO 9584 --- [restartedMain] o.apache.catalina.core.StandardService   : Starting service [Tomcat]
2023-05-13 16:15:10.706  INFO 9584 --- [restartedMain] org.apache.catalina.core.StandardEngine  : Starting Servlet engine: [Apache Tomcat/9.0.68]
2023-05-13 16:15:10.778  INFO 9584 --- [restartedMain] o.a.c.c.C.[Tomcat].[localhost].[/]       : Initializing Spring embedded WebApplicationContext
2023-05-13 16:15:10.778  INFO 9584 --- [restartedMain] w.s.c.ServletWebServerApplicationContext : Root WebApplicationContext: initialization completed in 1052 ms
2023-05-13 16:15:11.203  INFO 9584 --- [restartedMain] o.s.b.a.w.s.WelcomePageHandlerMapping    : Adding welcome page: class path resource [static/index.html]
2023-05-13 16:15:11.371  INFO 9584 --- [restartedMain] o.s.b.d.a.OptionalLiveReloadServer       : LiveReload server is running on port 35729
2023-05-13 16:15:11.420  INFO 9584 --- [restartedMain] o.s.b.w.embedded.tomcat.TomcatWebServer  : Tomcat started on port(s): 800 (http) with context path ''
2023-05-13 16:15:11.437  INFO 9584 --- [restartedMain] com.example.demo.DemoApplication         : Started DemoApplication in 2.119 seconds (JVM running for 3.318)
2023-05-13 16:15:13.119  INFO 9584 --- [http-nio-800-exec-1] o.a.c.c.C.[Tomcat].[localhost].[/]       : Initializing Spring DispatcherServlet 'dispatcherServlet'
2023-05-13 16:15:13.120  INFO 9584 --- [http-nio-800-exec-1] o.s.web.servlet.DispatcherServlet        : Initializing Servlet 'dispatcherServlet'
2023-05-13 16:15:13.121  INFO 9584 --- [http-nio-800-exec-1] o.s.web.servlet.DispatcherServlet        : Completed initialization in 1 ms
2023-05-13 16:15:13.147 ERROR 9584 --- [http-nio-800-exec-1] c.example.demo.controller.LogController  : error
2023-05-13 16:15:13.148  WARN 9584 --- [http-nio-800-exec-1] c.example.demo.controller.LogController  : warn
2023-05-13 16:15:13.148  INFO 9584 --- [http-nio-800-exec-1] c.example.demo.controller.LogController  : info
2023-05-13 16:15:13.148 DEBUG 9584 --- [http-nio-800-exec-1] c.example.demo.controller.LogController  : debug
2023-05-13 16:15:13.182 ERROR 9584 --- [http-nio-800-exec-4] c.example.demo.controller.LogController  : error
2023-05-13 16:15:13.182  WARN 9584 --- [http-nio-800-exec-4] c.example.demo.controller.LogController  : warn
2023-05-13 16:15:13.183  INFO 9584 --- [http-nio-800-exec-4] c.example.demo.controller.LogController  : info
2023-05-13 16:15:13.183 DEBUG 9584 --- [http-nio-800-exec-4] c.example.demo.controller.LogController  : debug
2023-05-13 16:15:13.319 ERROR 9584 --- [http-nio-800-exec-3] c.example.demo.controller.LogController  : error
2023-05-13 16:15:13.319  WARN 9584 --- [http-nio-800-exec-3] c.example.demo.controller.LogController  : warn
2023-05-13 16:15:13.319  INFO 9584 --- [http-nio-800-exec-3] c.example.demo.controller.LogController  : info
2023-05-13 16:15:13.321 DEBUG 9584 --- [http-nio-800-exec-3] c.example.demo.controller.LogController  : debug
2023-05-13 16:15:13.435 ERROR 9584 --- [http-nio-800-exec-6] c.example.demo.controller.LogController  : error
2023-05-13 16:15:13.435  WARN 9584 --- [http-nio-800-exec-6] c.example.demo.controller.LogController  : warn
2023-05-13 16:15:13.435  INFO 9584 --- [http-nio-800-exec-6] c.example.demo.controller.LogController  : info
2023-05-13 16:15:13.435 DEBUG 9584 --- [http-nio-800-exec-6] c.example.demo.controller.LogController  : debug
2023-05-13 16:15:13.548 ERROR 9584 --- [http-nio-800-exec-5] c.example.demo.controller.LogController  : error
2023-05-13 16:15:13.548  WARN 9584 --- [http-nio-800-exec-5] c.example.demo.controller.LogController  : warn
2023-05-13 16:15:13.549  INFO 9584 --- [http-nio-800-exec-5] c.example.demo.controller.LogController  : info
2023-05-13 16:15:13.549 DEBUG 9584 --- [http-nio-800-exec-5] c.example.demo.controller.LogController  : debug
2023-05-13 16:15:13.679 ERROR 9584 --- [http-nio-800-exec-2] c.example.demo.controller.LogController  : error
2023-05-13 16:15:13.679  WARN 9584 --- [http-nio-800-exec-2] c.example.demo.controller.LogController  : warn
2023-05-13 16:15:13.679  INFO 9584 --- [http-nio-800-exec-2] c.example.demo.controller.LogController  : info
2023-05-13 16:15:13.679 DEBUG 9584 --- [http-nio-800-exec-2] c.example.demo.controller.LogController  : debug
2023-05-13 16:15:13.805 ERROR 9584 --- [http-nio-800-exec-8] c.example.demo.controller.LogController  : error
2023-05-13 16:15:13.806  WARN 9584 --- [http-nio-800-exec-8] c.example.demo.controller.LogController  : warn
2023-05-13 16:15:13.806  INFO 9584 --- [http-nio-800-exec-8] c.example.demo.controller.LogController  : info
2023-05-13 16:15:13.806 DEBUG 9584 --- [http-nio-800-exec-8] c.example.demo.controller.LogController  : debug
2023-05-13 16:15:13.927 ERROR 9584 --- [http-nio-800-exec-7] c.example.demo.controller.LogController  : error
2023-05-13 16:15:13.927  WARN 9584 --- [http-nio-800-exec-7] c.example.demo.controller.LogController  : warn
2023-05-13 16:15:13.927  INFO 9584 --- [http-nio-800-exec-7] c.example.demo.controller.LogController  : info
2023-05-13 16:15:13.928 DEBUG 9584 --- [http-nio-800-exec-7] c.example.demo.controller.LogController  : debug
2023-05-13 16:15:14.054 ERROR 9584 --- [http-nio-800-exec-10] c.example.demo.controller.LogController  : error
2023-05-13 16:15:14.054  WARN 9584 --- [http-nio-800-exec-10] c.example.demo.controller.LogController  : warn
2023-05-13 16:15:14.054  INFO 9584 --- [http-nio-800-exec-10] c.example.demo.controller.LogController  : info
2023-05-13 16:15:14.055 DEBUG 9584 --- [http-nio-800-exec-10] c.example.demo.controller.LogController  : debug
2023-05-13 16:15:14.188 ERROR 9584 --- [http-nio-800-exec-9] c.example.demo.controller.LogController  : error
2023-05-13 16:15:14.188  WARN 9584 --- [http-nio-800-exec-9] c.example.demo.controller.LogController  : warn
2023-05-13 16:15:14.189  INFO 9584 --- [http-nio-800-exec-9] c.example.demo.controller.LogController  : info
2023-05-13 16:15:14.189 DEBUG 9584 --- [http-nio-800-exec-9] c.example.demo.controller.LogController  : debug
2023-05-13 16:15:14.325 ERROR 9584 --- [http-nio-800-exec-1] c.example.demo.controller.LogController  : error
2023-05-13 16:15:14.325  WARN 9584 --- [http-nio-800-exec-1] c.example.demo.controller.LogController  : warn
2023-05-13 16:15:14.326  INFO 9584 --- [http-nio-800-exec-1] c.example.demo.controller.LogController  : info
2023-05-13 16:15:14.326 DEBUG 9584 --- [http-nio-800-exec-1] c.example.demo.controller.LogController  : debug
2023-05-13 16:15:14.451 ERROR 9584 --- [http-nio-800-exec-4] c.example.demo.controller.LogController  : error
2023-05-13 16:15:14.452  WARN 9584 --- [http-nio-800-exec-4] c.example.demo.controller.LogController  : warn
2023-05-13 16:15:14.452  INFO 9584 --- [http-nio-800-exec-4] c.example.demo.controller.LogController  : info
2023-05-13 16:15:14.452 DEBUG 9584 --- [http-nio-800-exec-4] c.example.demo.controller.LogController  : debug
2023-05-13 16:15:14.593 ERROR 9584 --- [http-nio-800-exec-3] c.example.demo.controller.LogController  : error
2023-05-13 16:15:14.594  WARN 9584 --- [http-nio-800-exec-3] c.example.demo.controller.LogController  : warn
2023-05-13 16:15:14.594  INFO 9584 --- [http-nio-800-exec-3] c.example.demo.controller.LogController  : info
2023-05-13 16:15:14.594 DEBUG 9584 --- [http-nio-800-exec-3] c.example.demo.controller.LogController  : debug
2023-05-13 16:15:14.708 ERROR 9584 --- [http-nio-800-exec-6] c.example.demo.controller.LogController  : error
2023-05-13 16:15:14.709  WARN 9584 --- [http-nio-800-exec-6] c.example.demo.controller.LogController  : warn
2023-05-13 16:15:14.709  INFO 9584 --- [http-nio-800-exec-6] c.example.demo.controller.LogController  : info
2023-05-13 16:15:14.709 DEBUG 9584 --- [http-nio-800-exec-6] c.example.demo.controller.LogController  : debug
2023-05-13 16:15:55.073  INFO 9584 --- [SpringApplicationShutdownHook] com.alibaba.druid.pool.DruidDataSource   : {dataSource-0} closing ...
