2023-05-13 16:06:22.803  INFO 15624 --- [restartedMain] com.example.demo.DemoApplication         : Started DemoApplication in 2.785 seconds (JVM running for 4.031)
2023-05-13 16:06:37.443  INFO 15624 --- [SpringApplicationShutdownHook] com.alibaba.druid.pool.DruidDataSource   : {dataSource-0} closing ...
2023-05-13 16:06:41.191  INFO 20108 --- [restartedMain] com.example.demo.DemoApplication         : Starting DemoApplication using Java 18 on DESKTOP-OH6STF2 with PID 20108 (D:\daima\demo\demo\target\classes started by Lenovo in D:\daima\demo\leetcode)
2023-05-13 16:06:41.193  INFO 20108 --- [restartedMain] com.example.demo.DemoApplication         : The following 1 profile is active: "dev"
2023-05-13 16:06:41.245  INFO 20108 --- [restartedMain] .e.DevToolsPropertyDefaultsPostProcessor : Devtools property defaults active! Set 'spring.devtools.add-properties' to 'false' to disable
2023-05-13 16:06:41.246  INFO 20108 --- [restartedMain] .e.DevToolsPropertyDefaultsPostProcessor : For additional web related logging consider setting the 'logging.level.web' property to 'DEBUG'
2023-05-13 16:06:42.038  WARN 20108 --- [restartedMain] o.m.s.mapper.ClassPathMapperScanner      : No MyBatis mapper was found in '[com.example.demo]' package. Please check your configuration.
2023-05-13 16:06:42.494  INFO 20108 --- [restartedMain] o.s.b.w.embedded.tomcat.TomcatWebServer  : Tomcat initialized with port(s): 800 (http)
2023-05-13 16:06:42.500  INFO 20108 --- [restartedMain] o.apache.catalina.core.StandardService   : Starting service [Tomcat]
2023-05-13 16:06:42.501  INFO 20108 --- [restartedMain] org.apache.catalina.core.StandardEngine  : Starting Servlet engine: [Apache Tomcat/9.0.68]
2023-05-13 16:06:42.583  INFO 20108 --- [restartedMain] o.a.c.c.C.[Tomcat].[localhost].[/]       : Initializing Spring embedded WebApplicationContext
2023-05-13 16:06:42.583  INFO 20108 --- [restartedMain] w.s.c.ServletWebServerApplicationContext : Root WebApplicationContext: initialization completed in 1337 ms
2023-05-13 16:06:43.355  INFO 20108 --- [restartedMain] o.s.b.a.w.s.WelcomePageHandlerMapping    : Adding welcome page: class path resource [static/index.html]
2023-05-13 16:06:43.678  INFO 20108 --- [restartedMain] o.s.b.d.a.OptionalLiveReloadServer       : LiveReload server is running on port 35729
2023-05-13 16:06:43.738  INFO 20108 --- [restartedMain] o.s.b.w.embedded.tomcat.TomcatWebServer  : Tomcat started on port(s): 800 (http) with context path ''
2023-05-13 16:06:43.760  INFO 20108 --- [restartedMain] com.example.demo.DemoApplication         : Started DemoApplication in 3.08 seconds (JVM running for 4.327)
2023-05-13 16:06:46.420  INFO 20108 --- [http-nio-800-exec-1] o.a.c.c.C.[Tomcat].[localhost].[/]       : Initializing Spring DispatcherServlet 'dispatcherServlet'
2023-05-13 16:06:46.420  INFO 20108 --- [http-nio-800-exec-1] o.s.web.servlet.DispatcherServlet        : Initializing Servlet 'dispatcherServlet'
2023-05-13 16:06:46.421  INFO 20108 --- [http-nio-800-exec-1] o.s.web.servlet.DispatcherServlet        : Completed initialization in 1 ms
2023-05-13 16:07:20.436 ERROR 20108 --- [http-nio-800-exec-1] c.example.demo.controller.LogController  : error
2023-05-13 16:07:20.438  WARN 20108 --- [http-nio-800-exec-1] c.example.demo.controller.LogController  : warn
2023-05-13 16:07:20.439  INFO 20108 --- [http-nio-800-exec-1] c.example.demo.controller.LogController  : info
2023-05-13 16:07:20.440 DEBUG 20108 --- [http-nio-800-exec-1] c.example.demo.controller.LogController  : debug
2023-05-13 16:07:24.411  INFO 20108 --- [SpringApplicationShutdownHook] com.alibaba.druid.pool.DruidDataSource   : {dataSource-0} closing ...
2023-05-13 16:07:28.481  INFO 24424 --- [restartedMain] com.example.demo.DemoApplication         : Starting DemoApplication using Java 18 on DESKTOP-OH6STF2 with PID 24424 (D:\daima\demo\demo\target\classes started by Lenovo in D:\daima\demo\leetcode)
2023-05-13 16:07:28.487  INFO 24424 --- [restartedMain] com.example.demo.DemoApplication         : The following 1 profile is active: "dev"
2023-05-13 16:07:28.544  INFO 24424 --- [restartedMain] .e.DevToolsPropertyDefaultsPostProcessor : Devtools property defaults active! Set 'spring.devtools.add-properties' to 'false' to disable
2023-05-13 16:07:28.544  INFO 24424 --- [restartedMain] .e.DevToolsPropertyDefaultsPostProcessor : For additional web related logging consider setting the 'logging.level.web' property to 'DEBUG'
2023-05-13 16:07:29.250  WARN 24424 --- [restartedMain] o.m.s.mapper.ClassPathMapperScanner      : No MyBatis mapper was found in '[com.example.demo]' package. Please check your configuration.
2023-05-13 16:07:29.686  INFO 24424 --- [restartedMain] o.s.b.w.embedded.tomcat.TomcatWebServer  : Tomcat initialized with port(s): 800 (http)
2023-05-13 16:07:29.688  INFO 24424 --- [restartedMain] o.apache.catalina.core.StandardService   : Starting service [Tomcat]
2023-05-13 16:07:29.688  INFO 24424 --- [restartedMain] org.apache.catalina.core.StandardEngine  : Starting Servlet engine: [Apache Tomcat/9.0.68]
2023-05-13 16:07:29.773  INFO 24424 --- [restartedMain] o.a.c.c.C.[Tomcat].[localhost].[/]       : Initializing Spring embedded WebApplicationContext
2023-05-13 16:07:29.773  INFO 24424 --- [restartedMain] w.s.c.ServletWebServerApplicationContext : Root WebApplicationContext: initialization completed in 1229 ms
2023-05-13 16:07:30.425  INFO 24424 --- [restartedMain] o.s.b.a.w.s.WelcomePageHandlerMapping    : Adding welcome page: class path resource [static/index.html]
2023-05-13 16:07:30.753  INFO 24424 --- [restartedMain] o.s.b.d.a.OptionalLiveReloadServer       : LiveReload server is running on port 35729
2023-05-13 16:07:30.833  INFO 24424 --- [restartedMain] o.s.b.w.embedded.tomcat.TomcatWebServer  : Tomcat started on port(s): 800 (http) with context path ''
2023-05-13 16:07:30.853  INFO 24424 --- [restartedMain] com.example.demo.DemoApplication         : Started DemoApplication in 3.025 seconds (JVM running for 4.458)
2023-05-13 16:07:35.000  INFO 24424 --- [http-nio-800-exec-3] o.a.c.c.C.[Tomcat].[localhost].[/]       : Initializing Spring DispatcherServlet 'dispatcherServlet'
2023-05-13 16:07:35.001  INFO 24424 --- [http-nio-800-exec-3] o.s.web.servlet.DispatcherServlet        : Initializing Servlet 'dispatcherServlet'
2023-05-13 16:07:35.002  INFO 24424 --- [http-nio-800-exec-3] o.s.web.servlet.DispatcherServlet        : Completed initialization in 0 ms
2023-05-13 16:08:12.651 ERROR 24424 --- [http-nio-800-exec-3] c.example.demo.controller.LogController  : error
2023-05-13 16:08:12.651  WARN 24424 --- [http-nio-800-exec-3] c.example.demo.controller.LogController  : warn
2023-05-13 16:08:12.651  INFO 24424 --- [http-nio-800-exec-3] c.example.demo.controller.LogController  : info
2023-05-13 16:08:12.651 DEBUG 24424 --- [http-nio-800-exec-3] c.example.demo.controller.LogController  : debug
2023-05-13 16:08:16.391 ERROR 24424 --- [http-nio-800-exec-1] c.example.demo.controller.LogController  : error
2023-05-13 16:08:16.392  WARN 24424 --- [http-nio-800-exec-1] c.example.demo.controller.LogController  : warn
2023-05-13 16:08:16.392  INFO 24424 --- [http-nio-800-exec-1] c.example.demo.controller.LogController  : info
2023-05-13 16:08:16.392 DEBUG 24424 --- [http-nio-800-exec-1] c.example.demo.controller.LogController  : debug
2023-05-13 16:08:17.192 ERROR 24424 --- [http-nio-800-exec-2] c.example.demo.controller.LogController  : error
2023-05-13 16:08:17.192  WARN 24424 --- [http-nio-800-exec-2] c.example.demo.controller.LogController  : warn
2023-05-13 16:08:17.192  INFO 24424 --- [http-nio-800-exec-2] c.example.demo.controller.LogController  : info
2023-05-13 16:08:17.192 DEBUG 24424 --- [http-nio-800-exec-2] c.example.demo.controller.LogController  : debug
2023-05-13 16:08:24.475 ERROR 24424 --- [http-nio-800-exec-4] c.example.demo.controller.LogController  : error
2023-05-13 16:08:24.475  WARN 24424 --- [http-nio-800-exec-4] c.example.demo.controller.LogController  : warn
2023-05-13 16:08:24.475  INFO 24424 --- [http-nio-800-exec-4] c.example.demo.controller.LogController  : info
2023-05-13 16:08:24.475 DEBUG 24424 --- [http-nio-800-exec-4] c.example.demo.controller.LogController  : debug
2023-05-13 16:08:29.492  INFO 24424 --- [SpringApplicationShutdownHook] com.alibaba.druid.pool.DruidDataSource   : {dataSource-0} closing ...
2023-05-13 16:08:39.597  INFO 3116 --- [restartedMain] com.example.demo.DemoApplication         : Starting DemoApplication using Java 18 on DESKTOP-OH6STF2 with PID 3116 (D:\daima\demo\demo\target\classes started by Lenovo in D:\daima\demo\leetcode)
2023-05-13 16:08:39.597  INFO 3116 --- [restartedMain] com.example.demo.DemoApplication         : The following 1 profile is active: "dev"
2023-05-13 16:08:39.641  INFO 3116 --- [restartedMain] .e.DevToolsPropertyDefaultsPostProcessor : Devtools property defaults active! Set 'spring.devtools.add-properties' to 'false' to disable
2023-05-13 16:08:39.641  INFO 3116 --- [restartedMain] .e.DevToolsPropertyDefaultsPostProcessor : For additional web related logging consider setting the 'logging.level.web' property to 'DEBUG'
2023-05-13 16:08:40.293  WARN 3116 --- [restartedMain] o.m.s.mapper.ClassPathMapperScanner      : No MyBatis mapper was found in '[com.example.demo]' package. Please check your configuration.
2023-05-13 16:08:40.678  INFO 3116 --- [restartedMain] o.s.b.w.embedded.tomcat.TomcatWebServer  : Tomcat initialized with port(s): 800 (http)
2023-05-13 16:08:40.694  INFO 3116 --- [restartedMain] o.apache.catalina.core.StandardService   : Starting service [Tomcat]
2023-05-13 16:08:40.694  INFO 3116 --- [restartedMain] org.apache.catalina.core.StandardEngine  : Starting Servlet engine: [Apache Tomcat/9.0.68]
2023-05-13 16:08:40.774  INFO 3116 --- [restartedMain] o.a.c.c.C.[Tomcat].[localhost].[/]       : Initializing Spring embedded WebApplicationContext
2023-05-13 16:08:40.774  INFO 3116 --- [restartedMain] w.s.c.ServletWebServerApplicationContext : Root WebApplicationContext: initialization completed in 1133 ms
2023-05-13 16:08:41.387  INFO 3116 --- [restartedMain] o.s.b.a.w.s.WelcomePageHandlerMapping    : Adding welcome page: class path resource [static/index.html]
2023-05-13 16:08:41.664  INFO 3116 --- [restartedMain] o.s.b.d.a.OptionalLiveReloadServer       : LiveReload server is running on port 35729
2023-05-13 16:08:41.728  INFO 3116 --- [restartedMain] o.s.b.w.embedded.tomcat.TomcatWebServer  : Tomcat started on port(s): 800 (http) with context path ''
2023-05-13 16:08:41.752  INFO 3116 --- [restartedMain] com.example.demo.DemoApplication         : Started DemoApplication in 2.528 seconds (JVM running for 3.762)
2023-05-13 16:08:44.099  INFO 3116 --- [http-nio-800-exec-1] o.a.c.c.C.[Tomcat].[localhost].[/]       : Initializing Spring DispatcherServlet 'dispatcherServlet'
2023-05-13 16:08:44.101  INFO 3116 --- [http-nio-800-exec-1] o.s.web.servlet.DispatcherServlet        : Initializing Servlet 'dispatcherServlet'
2023-05-13 16:08:44.103  INFO 3116 --- [http-nio-800-exec-1] o.s.web.servlet.DispatcherServlet        : Completed initialization in 1 ms
2023-05-13 16:08:50.780 ERROR 3116 --- [http-nio-800-exec-1] c.example.demo.controller.LogController  : error
2023-05-13 16:08:50.783  WARN 3116 --- [http-nio-800-exec-1] c.example.demo.controller.LogController  : warn
